INFO: 2018-10-31 10:23:56,585: perform_upgrade() 'Last run version was 0.7.0 or earlier, current version is 0.7.0'
INFO: 2018-10-31 10:23:56,666: process_command() 'Received command: []'
INFO: 2018-10-31 10:23:56,667: load_banned() 'Missing or invalid banned URLs list, no URLs will be banned'
INFO: 2018-10-31 10:23:56,678: load() 'Jumble loading'
INFO: 2018-10-31 10:23:56,679: _walk_modules() 'Jumble loading module in __init__ from /usr/share/variety/plugins/__init__.py'
INFO: 2018-10-31 10:23:56,679: _walk_modules() 'Jumble loading module in __init__ from /usr/share/variety/plugins/quotes/__init__.py'
INFO: 2018-10-31 10:23:56,679: _walk_modules() 'Jumble loading module in GoodreadsSource from /usr/share/variety/plugins/quotes/GoodreadsSource.py'
INFO: 2018-10-31 10:23:56,684: load() 'Jumble found plugin class: <class 'GoodreadsSource.GoodreadsSource'>: {'name': 'Goodreads', 'description': 'Fetches quotes from Goodreads.com', 'author': 'Peter Levi', 'version': '0.1'}'
INFO: 2018-10-31 10:23:56,684: _walk_modules() 'Jumble loading module in QuotesDaddySource from /usr/share/variety/plugins/quotes/QuotesDaddySource.py'
INFO: 2018-10-31 10:23:56,684: load() 'Jumble found plugin class: <class 'QuotesDaddySource.QuotesDaddySource'>: {'name': 'QuotesDaddy', 'description': "Fetches quotes from QuotesDaddy's daily quotes RSS feed.\nDoes not support searching by tags or authors.", 'author': 'Peter Levi', 'version': '0.1'}'
INFO: 2018-10-31 10:23:56,685: _walk_modules() 'Jumble loading module in LocalFilesSource from /usr/share/variety/plugins/quotes/LocalFilesSource.py'
INFO: 2018-10-31 10:23:56,685: load() 'Jumble found plugin class: <class 'LocalFilesSource.LocalFilesSource'>: {'name': 'Local text files', 'description': 'Displays quotes, defined in local text files.\nPut your own txt files in: ~/.config/variety/pluginconfig/quotes/.\nThe file format is:\n\nquote -- author\n.\nsecond quote -- another author\n.\netc...\n\nExample: http://rvelthuis.de/zips/quotes.txt', 'author': 'Peter Levi', 'version': '0.1'}'
INFO: 2018-10-31 10:23:56,685: _walk_modules() 'Jumble loading module in QuotationsPageSource from /usr/share/variety/plugins/quotes/QuotationsPageSource.py'
INFO: 2018-10-31 10:23:56,686: load() 'Jumble found plugin class: <class 'QuotationsPageSource.QuotationsPageSource'>: {'name': 'TheQuotationsPage.com', 'description': 'Fetches quotes from TheQuotationsPage.com', 'author': 'Peter Levi', 'version': '0.1'}'
INFO: 2018-10-31 10:23:56,688: reload_config() 'Creating new downloader for type 6, location Random wallpapers from Desktoppr.co'
INFO: 2018-10-31 10:23:56,688: log_options() 'Loaded options:'
INFO: 2018-10-31 10:23:56,688: log_options() 'change_enabled = False'
INFO: 2018-10-31 10:23:56,688: log_options() 'change_interval = 300'
INFO: 2018-10-31 10:23:56,688: log_options() 'change_on_start = False'
INFO: 2018-10-31 10:23:56,689: log_options() 'clipboard_enabled = False'
INFO: 2018-10-31 10:23:56,689: log_options() 'clipboard_hosts = ['alpha.wallhaven.cc', 'ns223506.ovh.net', 'wallpapers.net', 'flickr.com', 'imgur.com', 'deviantart.com', 'interfacelift.com', 'vladstudio.com']'
INFO: 2018-10-31 10:23:56,689: log_options() 'clipboard_use_whitelist = True'
INFO: 2018-10-31 10:23:56,689: log_options() 'clock_date_font = Ubuntu Condensed, 30'
INFO: 2018-10-31 10:23:56,689: log_options() 'clock_enabled = False'
INFO: 2018-10-31 10:23:56,689: log_options() 'clock_filter = -density 100 -font `fc-match -f '%{file[0]}' '%CLOCK_FONT_NAME'` -pointsize %CLOCK_FONT_SIZE -gravity SouthEast -fill '#00000044' -annotate 0x0+[%HOFFSET+58]+[%VOFFSET+108] '%H:%M' -fill white -annotate 0x0+[%HOFFSET+60]+[%VOFFSET+110] '%H:%M' -font `fc-match -f '%{file[0]}' '%DATE_FONT_NAME'` -pointsize %DATE_FONT_SIZE -fill '#00000044' -annotate 0x0+[%HOFFSET+58]+[%VOFFSET+58] '%A, %B %d' -fill white -annotate 0x0+[%HOFFSET+60]+[%VOFFSET+60] '%A, %B %d''
INFO: 2018-10-31 10:23:56,689: log_options() 'clock_font = Ubuntu Condensed, 70'
INFO: 2018-10-31 10:23:56,689: log_options() 'configfile = /home/krive/.config/variety/variety.conf'
INFO: 2018-10-31 10:23:56,689: log_options() 'copyto_enabled = True'
INFO: 2018-10-31 10:23:56,689: log_options() 'copyto_folder = Default'
INFO: 2018-10-31 10:23:56,689: log_options() 'desired_color = [160, 160, 160]'
INFO: 2018-10-31 10:23:56,689: log_options() 'desired_color_enabled = False'
INFO: 2018-10-31 10:23:56,689: log_options() 'download_enabled = True'
INFO: 2018-10-31 10:23:56,689: log_options() 'download_folder = /home/krive/.config/variety/Downloaded'
INFO: 2018-10-31 10:23:56,689: log_options() 'download_interval = 60'
INFO: 2018-10-31 10:23:56,689: log_options() 'favorites_folder = /home/krive/.config/variety/Favorites'
INFO: 2018-10-31 10:23:56,689: log_options() 'favorites_operations = [['Downloaded', 'Copy'], ['Fetched', 'Move'], ['Others', 'Copy']]'
INFO: 2018-10-31 10:23:56,689: log_options() 'fetched_folder = /home/krive/.config/variety/Fetched'
INFO: 2018-10-31 10:23:56,689: log_options() 'filters = [[False, 'Keep original', ''], [False, 'Grayscale', '-type Grayscale'], [False, 'Heavy blur', '-blur 120x40'], [False, 'Oil painting', '-paint 6'], [False, 'Charcoal painting', '-charcoal 3'], [False, 'Pencil sketch', '-colorspace gray \\( +clone -tile ~/.config/variety/pencil_tile.png -draw "color 0,0 reset" +clone +swap -compose color_dodge -composite \\) -fx \'u*.2+v*.8\''], [False, 'Pointilism', '-spread 10 -noise 3'], [False, 'Pixellate', '-scale 3% -scale 3333%']]'
INFO: 2018-10-31 10:23:56,689: log_options() 'icon = Dark'
INFO: 2018-10-31 10:23:56,689: log_options() 'lightness_enabled = True'
INFO: 2018-10-31 10:23:56,689: log_options() 'lightness_mode = 0'
INFO: 2018-10-31 10:23:56,689: log_options() 'min_rating = 4'
INFO: 2018-10-31 10:23:56,689: log_options() 'min_rating_enabled = False'
INFO: 2018-10-31 10:23:56,689: log_options() 'min_size = 80'
INFO: 2018-10-31 10:23:56,689: log_options() 'min_size_enabled = True'
INFO: 2018-10-31 10:23:56,689: log_options() 'quota_enabled = True'
INFO: 2018-10-31 10:23:56,689: log_options() 'quota_size = 500'
INFO: 2018-10-31 10:23:56,689: log_options() 'quotes_authors = '
INFO: 2018-10-31 10:23:56,689: log_options() 'quotes_bg_color = [0, 0, 0]'
INFO: 2018-10-31 10:23:56,689: log_options() 'quotes_bg_opacity = 55'
INFO: 2018-10-31 10:23:56,689: log_options() 'quotes_change_enabled = False'
INFO: 2018-10-31 10:23:56,689: log_options() 'quotes_change_interval = 300'
INFO: 2018-10-31 10:23:56,689: log_options() 'quotes_disabled_sources = ['']'
INFO: 2018-10-31 10:23:56,689: log_options() 'quotes_enabled = False'
INFO: 2018-10-31 10:23:56,689: log_options() 'quotes_favorites_file = /home/krive/.config/variety/favorite_quotes.txt'
INFO: 2018-10-31 10:23:56,690: log_options() 'quotes_font = Bitstream Charter 30'
INFO: 2018-10-31 10:23:56,690: log_options() 'quotes_hpos = 100'
INFO: 2018-10-31 10:23:56,690: log_options() 'quotes_tags = '
INFO: 2018-10-31 10:23:56,690: log_options() 'quotes_text_color = [255, 255, 255]'
INFO: 2018-10-31 10:23:56,690: log_options() 'quotes_text_shadow = False'
INFO: 2018-10-31 10:23:56,690: log_options() 'quotes_vpos = 40'
INFO: 2018-10-31 10:23:56,690: log_options() 'quotes_width = 70'
INFO: 2018-10-31 10:23:56,690: log_options() 'safe_mode = False'
INFO: 2018-10-31 10:23:56,690: log_options() 'slideshow_custom_enabled = False'
INFO: 2018-10-31 10:23:56,690: log_options() 'slideshow_custom_folder = /home/krive/Képek'
INFO: 2018-10-31 10:23:56,690: log_options() 'slideshow_downloads_enabled = False'
INFO: 2018-10-31 10:23:56,690: log_options() 'slideshow_fade = 0.4'
INFO: 2018-10-31 10:23:56,690: log_options() 'slideshow_favorites_enabled = True'
INFO: 2018-10-31 10:23:56,690: log_options() 'slideshow_mode = Fullscreen'
INFO: 2018-10-31 10:23:56,690: log_options() 'slideshow_monitor = All'
INFO: 2018-10-31 10:23:56,690: log_options() 'slideshow_pan = 0.05'
INFO: 2018-10-31 10:23:56,690: log_options() 'slideshow_seconds = 6.0'
INFO: 2018-10-31 10:23:56,690: log_options() 'slideshow_sort_order = Random'
INFO: 2018-10-31 10:23:56,690: log_options() 'slideshow_sources_enabled = True'
INFO: 2018-10-31 10:23:56,690: log_options() 'slideshow_zoom = 0.2'
INFO: 2018-10-31 10:23:56,690: log_options() 'smart_enabled = False'
INFO: 2018-10-31 10:23:56,690: log_options() 'smart_notice_shown = True'
INFO: 2018-10-31 10:23:56,690: log_options() 'smart_register_shown = False'
INFO: 2018-10-31 10:23:56,690: log_options() 'sources = [[True, 3, 'The Favorites folder'], [False, 4, 'The Fetched folder'], [True, 2, '/usr/share/backgrounds/'], [True, 6, 'Random wallpapers from Desktoppr.co'], [False, 15, 'Bing Photo of the Day'], [False, 16, 'High-resolution photos from Unsplash.com'], [False, 8, "NASA's Astronomy Picture of the Day"], [False, 7, 'user:www.flickr.com/photos/peter-levi/;user_id:93647178@N00;'], [False, 11, 'World Sunlight Map - live wallpaper from Die.net']]'
INFO: 2018-10-31 10:23:56,690: log_options() 'stats_enabled = True'
INFO: 2018-10-31 10:23:56,690: log_options() 'stats_notice_shown = True'
INFO: 2018-10-31 10:23:56,690: log_options() 'sync_enabled = True'
INFO: 2018-10-31 10:23:56,690: log_options() 'use_landscape_enabled = True'
INFO: 2018-10-31 10:23:56,690: reload_config() 'No need to clear prepared queue'
INFO: 2018-10-31 10:23:56,691: load_last_change_time() 'Change interval < 6 hours, ignore persisted last_change_time, wait initially the whole interval: 300'
INFO: 2018-10-31 10:23:56,691: update_indicator() 'Setting file info to: /home/krive/.config/variety/Downloaded/Desktoppr/experience_flow_red.jpg'
INFO: 2018-10-31 10:23:56,691: regular_change_thread() 'regular_change thread running'
INFO: 2018-10-31 10:23:56,692: regular_change_thread() 'regular_change: waiting till user resumes'
INFO: 2018-10-31 10:23:56,692: prepare_thread() 'Prepare thread running'
INFO: 2018-10-31 10:23:56,692: prepare_thread() 'Prepared buffer contains 0 images'
INFO: 2018-10-31 10:23:56,692: prepare_thread() 'Preparing some images'
INFO: 2018-10-31 10:23:56,694: update_indicator_icon() 'Creating indicator'
WARNING: 2018-10-31 10:23:56,709: create_menu() 'Variety Slideshow is not installed. This is an optional extension adding pan-and-zoom slideshows to Variety: see https://github.com/peterlevi/variety-slideshow for details'
INFO: 2018-10-31 10:23:56,710: create_indicator() 'indicator backend: fallback tray'
INFO: 2018-10-31 10:23:56,742: set_from_theme_icon() 'Showing status icon variety-indicator-dark from GTK theme'
INFO: 2018-10-31 10:23:56,749: update_indicator() 'Setting file info to: /home/krive/.config/variety/Downloaded/Desktoppr/experience_flow_red.jpg'
INFO: 2018-10-31 10:23:56,791: do_set_wp() 'Calling do_set_wp with /home/krive/.config/variety/Downloaded/Desktoppr/experience_flow_red.jpg, time: 1540977836.791455'
INFO: 2018-10-31 10:23:56,818: update_indicator() 'Setting file info to: /home/krive/.config/variety/Downloaded/Desktoppr/experience_flow_red.jpg'
ERROR: 2018-10-31 10:23:57,680: image_ok() 'Error in image_ok for file /home/krive/.config/variety/Downloaded/Desktoppr/revolution-2012-10-31-1546.jpg'
Traceback (most recent call last):
  File "/usr/lib/python3.7/site-packages/variety/VarietyWindow.py", line 1491, in image_ok
    dom = DominantColors(img, False)
  File "/usr/lib/python3.7/site-packages/variety/DominantColors.py", line 26, in __init__
    self.resized = self.original.resize((50, 50))
  File "/usr/lib/python3.7/site-packages/PIL/Image.py", line 1782, in resize
    self.load()
  File "/usr/lib/python3.7/site-packages/PIL/ImageFile.py", line 236, in load
    len(b))
OSError: image file is truncated (10 bytes not processed)
ERROR: 2018-10-31 10:23:57,696: image_ok() 'Error in image_ok for file /home/krive/.config/variety/Downloaded/Desktoppr/destiny_revamped_57.png'
Traceback (most recent call last):
  File "/usr/lib/python3.7/site-packages/variety/VarietyWindow.py", line 1482, in image_ok
    i = PILImage.open(img)
  File "/usr/lib/python3.7/site-packages/PIL/Image.py", line 2657, in open
    % (filename if filename else fp))
OSError: cannot identify image file '/home/krive/.config/variety/Downloaded/Desktoppr/destiny_revamped_57.png'
INFO: 2018-10-31 10:23:58,146: reload() 'Reloading preferences dialog'
INFO: 2018-10-31 10:23:59,429: process_command() 'Received command: ['--pause']'
INFO: 2018-10-31 10:23:59,434: update_indicator() 'Setting file info to: /home/krive/.config/variety/Downloaded/Desktoppr/experience_flow_red.jpg'
INFO: 2018-10-31 10:23:59,437: regular_change_thread() 'regular_change: waiting till user resumes'
ERROR: 2018-10-31 10:24:02,195: image_ok() 'Error in image_ok for file /home/krive/.config/variety/Downloaded/Desktoppr/photo_18-01-2014_08_29_31.png'
Traceback (most recent call last):
  File "/usr/lib/python3.7/site-packages/variety/VarietyWindow.py", line 1482, in image_ok
    i = PILImage.open(img)
  File "/usr/lib/python3.7/site-packages/PIL/Image.py", line 2657, in open
    % (filename if filename else fp))
OSError: cannot identify image file '/home/krive/.config/variety/Downloaded/Desktoppr/photo_18-01-2014_08_29_31.png'
INFO: 2018-10-31 10:24:02,231: prepare_thread() 'After search prepared buffer contains 25 images'
INFO: 2018-10-31 10:24:16,713: server_options_thread() 'Fetching server options from http://tiny.cc/variety-options-063'
INFO: 2018-10-31 10:24:18,004: server_options_thread() 'Fetched server options: {'flickr': {'min_fill_queue_interval': 1200, 'min_download_interval': 1200}, 'wallbase': {'min_fill_queue_interval': 1800, 'min_download_interval': 1800}, 'wallhaven': {'min_fill_queue_interval': 1800, 'min_download_interval': 1800}, 'wallpapers.net': {'min_fill_queue_interval': 600, 'min_download_interval': 0}, 'unsplash': {'min_fill_queue_interval': 20000000000, 'min_download_interval': 20000000000}, 'unsplash_v2': {'min_fill_queue_interval': 1800, 'min_download_interval': 600}, 'status_message': {'0.0.1': '', '*': ''}}'
INFO: 2018-10-31 10:24:56,698: purge_downloaded() 'Refreshed download folder size: 459 mb'
INFO: 2018-10-31 10:24:56,699: download_one() 'Downloading a random image from desktoppr.co'
INFO: 2018-10-31 10:24:57,869: save_locally() 'Origin URL: https://www.desktoppr.co/wallpapers/304854'
INFO: 2018-10-31 10:24:57,869: save_locally() 'Image URL: http://a.desktopprassets.com/wallpapers/1ca811f5ab60c7e4d41e72b2ad7b35246f06082a/wallpapers__by__rokott007_272__3_.jpg'
INFO: 2018-10-31 10:24:57,869: save_locally() 'Local name: /home/krive/.config/variety/Downloaded/Desktoppr/wallpapers__by__rokott007_272__3_.jpg'
INFO: 2018-10-31 10:24:58,079: save_locally() 'Download complete'
INFO: 2018-10-31 10:24:58,080: update_indicator() 'Setting file info to: /home/krive/.config/variety/Downloaded/Desktoppr/experience_flow_red.jpg'
INFO: 2018-10-31 10:24:58,130: prepare_thread() 'Prepared buffer contains 25 images'
